<?xml version="1.0" encoding="UTF-8"?>
<!-- Generated by org.testng.reporters.JUnitReportReporter -->
<testsuite hostname="bcedbeeced305226492baaaccbaafebfatwo-0" failures="0" tests="3" name="runner.Testcase1" time="37.092" errors="0" timestamp="2023-09-18T22:19:49 UTC" skipped="0">
  <testcase classname="runner.Testcase1" name="TC_001" time="9.453"/>
  <testcase classname="runner.Testcase1" name="TC_002" time="14.112"/>
  <testcase classname="runner.Testcase1" name="TC_003" time="13.527"/>
</testsuite> <!-- runner.Testcase1 -->
